  [4;36;1mSQL (1.2ms)[0m   [0;1m SELECT name
 FROM sqlite_master
 WHERE type = 'table' AND NOT name = 'sqlite_sequence'
[0m
  [4;35;1mSQL (0.3ms)[0m   [0mSELECT version FROM schema_migrations[0m
Migrating to CreateAuthentication (20090213172335)
Migrating to CreateProjects (20090216181729)
Migrating to CreateProjectUsers (20090216181916)
Migrating to CreateStories (20090216201439)
  [4;36;1mSQL (0.2ms)[0m   [0;1mselect sqlite_version(*)[0m
  [4;35;1mSQL (3.3ms)[0m   [0mCREATE TABLE "stories" ("id" INTEGER PRIMARY KEY AUTOINCREMENT NOT NULL, "title" varchar(255), "as_a" varchar(255), "i_want_to" text, "so_i_can" text, "estimate" integer, "project_id" integer, "created_at" datetime, "updated_at" datetime) [0m
  [4;36;1mSQL (2.4ms)[0m   [0;1mINSERT INTO schema_migrations (version) VALUES ('20090216201439')[0m
  [4;35;1mSQL (1.0ms)[0m   [0m SELECT name
 FROM sqlite_master
 WHERE type = 'table' AND NOT name = 'sqlite_sequence'
[0m
  [4;36;1mSQL (0.3ms)[0m   [0;1mSELECT version FROM schema_migrations[0m
  [4;35;1mSQL (0.7ms)[0m   [0m SELECT name
 FROM sqlite_master
 WHERE type = 'table' AND NOT name = 'sqlite_sequence'
[0m
  [4;36;1mSQL (0.1ms)[0m   [0;1mPRAGMA index_list("open_id_authentication_associations")[0m
  [4;35;1mSQL (0.1ms)[0m   [0mPRAGMA index_list("open_id_authentication_nonces")[0m
  [4;36;1mSQL (0.1ms)[0m   [0;1mPRAGMA index_list("profiles")[0m
  [4;35;1mSQL (0.0ms)[0m   [0mPRAGMA index_list("project_users")[0m
  [4;36;1mSQL (0.0ms)[0m   [0;1mPRAGMA index_list("projects")[0m
  [4;35;1mSQL (0.0ms)[0m   [0mPRAGMA index_list("roles")[0m
  [4;36;1mSQL (0.1ms)[0m   [0;1mPRAGMA index_list("roles_users")[0m
  [4;35;1mSQL (0.1ms)[0m   [0mPRAGMA index_list("settings")[0m
  [4;36;1mSQL (0.6ms)[0m   [0;1mPRAGMA index_list("stories")[0m
  [4;35;1mSQL (0.2ms)[0m   [0mPRAGMA index_list("users")[0m
  [4;36;1mSQL (0.2ms)[0m   [0;1mPRAGMA index_info('index_users_on_login')[0m
  [4;36;1mSQL (0.2ms)[0m   [0;1mselect sqlite_version(*)[0m
  [4;35;1mSQL (0.2ms)[0m   [0m SELECT name
 FROM sqlite_master
 WHERE type = 'table' AND NOT name = 'sqlite_sequence'
[0m
  [4;36;1mSQL (2.0ms)[0m   [0;1mCREATE TABLE "open_id_authentication_associations" ("id" INTEGER PRIMARY KEY AUTOINCREMENT NOT NULL, "issued" integer, "lifetime" integer, "handle" varchar(255), "assoc_type" varchar(255), "server_url" blob, "secret" blob) [0m
  [4;35;1mSQL (0.5ms)[0m   [0m SELECT name
 FROM sqlite_master
 WHERE type = 'table' AND NOT name = 'sqlite_sequence'
[0m
  [4;36;1mSQL (1.6ms)[0m   [0;1mCREATE TABLE "open_id_authentication_nonces" ("id" INTEGER PRIMARY KEY AUTOINCREMENT NOT NULL, "timestamp" integer NOT NULL, "server_url" varchar(255), "salt" varchar(255) NOT NULL) [0m
  [4;35;1mSQL (0.3ms)[0m   [0m SELECT name
 FROM sqlite_master
 WHERE type = 'table' AND NOT name = 'sqlite_sequence'
[0m
  [4;36;1mSQL (1.7ms)[0m   [0;1mCREATE TABLE "profiles" ("id" INTEGER PRIMARY KEY AUTOINCREMENT NOT NULL, "user_id" integer, "real_name" varchar(255), "location" varchar(255), "website" varchar(255), "created_at" datetime, "updated_at" datetime) [0m
  [4;35;1mSQL (0.3ms)[0m   [0m SELECT name
 FROM sqlite_master
 WHERE type = 'table' AND NOT name = 'sqlite_sequence'
[0m
  [4;36;1mSQL (1.9ms)[0m   [0;1mCREATE TABLE "project_users" ("id" INTEGER PRIMARY KEY AUTOINCREMENT NOT NULL, "project_id" integer, "user_id" integer, "user_type" varchar(255), "created_at" datetime, "updated_at" datetime) [0m
  [4;35;1mSQL (0.5ms)[0m   [0m SELECT name
 FROM sqlite_master
 WHERE type = 'table' AND NOT name = 'sqlite_sequence'
[0m
  [4;36;1mSQL (2.1ms)[0m   [0;1mCREATE TABLE "projects" ("id" INTEGER PRIMARY KEY AUTOINCREMENT NOT NULL, "name" varchar(255), "uri" varchar(255), "created_at" datetime, "updated_at" datetime) [0m
  [4;35;1mSQL (0.4ms)[0m   [0m SELECT name
 FROM sqlite_master
 WHERE type = 'table' AND NOT name = 'sqlite_sequence'
[0m
  [4;36;1mSQL (2.3ms)[0m   [0;1mCREATE TABLE "roles" ("id" INTEGER PRIMARY KEY AUTOINCREMENT NOT NULL, "name" varchar(255)) [0m
  [4;35;1mSQL (0.7ms)[0m   [0m SELECT name
 FROM sqlite_master
 WHERE type = 'table' AND NOT name = 'sqlite_sequence'
[0m
  [4;36;1mSQL (2.5ms)[0m   [0;1mCREATE TABLE "roles_users" ("role_id" integer, "user_id" integer) [0m
  [4;35;1mSQL (0.6ms)[0m   [0m SELECT name
 FROM sqlite_master
 WHERE type = 'table' AND NOT name = 'sqlite_sequence'
[0m
  [4;36;1mSQL (1.9ms)[0m   [0;1mCREATE TABLE "settings" ("id" INTEGER PRIMARY KEY AUTOINCREMENT NOT NULL, "label" varchar(255), "identifier" varchar(255), "description" text, "field_type" varchar(255) DEFAULT 'string', "value" text, "created_at" datetime, "updated_at" datetime) [0m
  [4;35;1mSQL (0.6ms)[0m   [0m SELECT name
 FROM sqlite_master
 WHERE type = 'table' AND NOT name = 'sqlite_sequence'
[0m
  [4;36;1mSQL (2.5ms)[0m   [0;1mCREATE TABLE "stories" ("id" INTEGER PRIMARY KEY AUTOINCREMENT NOT NULL, "title" varchar(255), "as_a" varchar(255), "i_want_to" text, "so_i_can" text, "estimate" integer, "project_id" integer, "created_at" datetime, "updated_at" datetime) [0m
  [4;35;1mSQL (0.9ms)[0m   [0m SELECT name
 FROM sqlite_master
 WHERE type = 'table' AND NOT name = 'sqlite_sequence'
[0m
  [4;36;1mSQL (3.6ms)[0m   [0;1mCREATE TABLE "users" ("id" INTEGER PRIMARY KEY AUTOINCREMENT NOT NULL, "login" varchar(40), "identity_url" varchar(255), "name" varchar(100) DEFAULT '', "email" varchar(100), "crypted_password" varchar(40), "salt" varchar(40), "remember_token" varchar(40), "activation_code" varchar(40), "state" varchar(255) DEFAULT 'passive', "remember_token_expires_at" datetime, "password_reset_code" varchar(255), "activated_at" datetime, "deleted_at" datetime, "created_at" datetime, "updated_at" datetime) [0m
  [4;35;1mSQL (1.9ms)[0m   [0mCREATE UNIQUE INDEX "index_users_on_login" ON "users" ("login")[0m
  [4;36;1mSQL (0.6ms)[0m   [0;1m SELECT name
 FROM sqlite_master
 WHERE type = 'table' AND NOT name = 'sqlite_sequence'
[0m
  [4;35;1mSQL (1.9ms)[0m   [0mCREATE TABLE "schema_migrations" ("version" varchar(255) NOT NULL) [0m
  [4;36;1mSQL (2.1ms)[0m   [0;1mCREATE UNIQUE INDEX "unique_schema_migrations" ON "schema_migrations" ("version")[0m
  [4;35;1mSQL (0.8ms)[0m   [0m SELECT name
 FROM sqlite_master
 WHERE type = 'table' AND NOT name = 'sqlite_sequence'
[0m
  [4;36;1mSQL (0.1ms)[0m   [0;1mSELECT version FROM "schema_migrations"[0m
  [4;35;1mSQL (2.2ms)[0m   [0mINSERT INTO "schema_migrations" (version) VALUES ('20090216201439')[0m
  [4;36;1mSQL (2.0ms)[0m   [0;1mINSERT INTO "schema_migrations" (version) VALUES ('20090213172335')[0m
  [4;35;1mSQL (2.5ms)[0m   [0mINSERT INTO "schema_migrations" (version) VALUES ('20090216181729')[0m
  [4;36;1mSQL (2.1ms)[0m   [0;1mINSERT INTO "schema_migrations" (version) VALUES ('20090216181916')[0m


Processing DashboardController#index (for 127.0.0.1 at 2009-02-16 22:36:04) [GET]
  Parameters: {"action"=>"index", "controller"=>"dashboard"}
Rendering template within layouts/application
Rendering dashboard/index
Rendered shared/_global_links (0.5ms)
Rendered shared/_tabs (2.2ms)
Completed in 18ms (View: 16, DB: 0) | 200 OK [http://localhost/]


Processing ProjectsController#index (for 127.0.0.1 at 2009-02-16 22:36:08) [GET]
  Parameters: {"action"=>"index", "controller"=>"projects"}
  [4;36;1mProject Load (0.7ms)[0m   [0;1mSELECT * FROM "projects" [0m
Rendering template within layouts/application
Rendering projects/index
Rendered shared/_global_links (0.4ms)
Rendered shared/_tabs (71.6ms)
Completed in 89ms (View: 81, DB: 1) | 200 OK [http://localhost/projects]


Processing ProjectsController#new (for 127.0.0.1 at 2009-02-16 22:36:59) [GET]
  Parameters: {"action"=>"new", "controller"=>"projects"}
Rendering template within layouts/application
Rendering projects/new
Rendered shared/_global_links (0.4ms)
Rendered shared/_tabs (0.9ms)
Completed in 20ms (View: 12, DB: 0) | 200 OK [http://localhost/projects/new]


Processing ProjectsController#create (for 127.0.0.1 at 2009-02-16 22:37:30) [POST]
  Parameters: {"commit"=>"criar", "project"=>{"name"=>"Veja São Paulo", "uri"=>"http://vejasp.abril.com.br"}, "action"=>"create", "authenticity_token"=>"13771a88e61687bf6b5307c2c4f261b97f6a5c52", "controller"=>"projects"}
  [4;35;1mProject Create (0.4ms)[0m   [0mINSERT INTO "projects" ("name", "uri", "updated_at", "created_at") VALUES('Veja São Paulo', 'http://vejasp.abril.com.br', '2009-02-17 01:37:30', '2009-02-17 01:37:30')[0m
Redirected to #<Project:0x1e500f0>
Completed in 15ms (DB: 0) | 302 Found [http://localhost/projects]


Processing ProjectsController#show (for 127.0.0.1 at 2009-02-16 22:37:30) [GET]
  Parameters: {"action"=>"show", "id"=>"1", "controller"=>"projects"}
  [4;36;1mProject Load (0.2ms)[0m   [0;1mSELECT * FROM "projects" WHERE ("projects"."id" = 1) [0m
Rendering template within layouts/application
Rendering projects/show
Rendered shared/_global_links (0.4ms)
Rendered shared/_tabs (0.9ms)
Completed in 19ms (View: 11, DB: 0) | 200 OK [http://localhost/projects/1]


Processing StoriesController#index (for 127.0.0.1 at 2009-02-16 22:37:37) [GET]
  Parameters: {"project_id"=>"1", "action"=>"index", "controller"=>"stories"}
  [4;35;1mProject Load (0.4ms)[0m   [0mSELECT * FROM "projects" WHERE ("projects"."id" = 1) [0m
Rendering template within layouts/stories
Rendering stories/index
  [4;36;1mStory Load (0.2ms)[0m   [0;1mSELECT * FROM "stories" WHERE ("stories".project_id = 1) [0m
Completed in 16ms (View: 4, DB: 1) | 200 OK [http://localhost/projects/1/stories]


Processing StoriesController#index (for 127.0.0.1 at 2009-02-16 22:39:07) [GET]
  Parameters: {"project_id"=>"1", "action"=>"index", "controller"=>"stories"}
  [4;35;1mProject Load (0.2ms)[0m   [0mSELECT * FROM "projects" WHERE ("projects"."id" = 1) [0m
Rendering template within layouts/application
Rendering stories/index
  [4;36;1mStory Load (0.2ms)[0m   [0;1mSELECT * FROM "stories" WHERE ("stories".project_id = 1) [0m
Rendered shared/_global_links (0.4ms)
Rendered shared/_tabs (1.6ms)
Completed in 21ms (View: 10, DB: 0) | 200 OK [http://localhost/projects/1/stories]


Processing StoriesController#index (for 127.0.0.1 at 2009-02-16 22:42:56) [GET]
  Parameters: {"project_id"=>"1", "action"=>"index", "controller"=>"stories"}
  [4;35;1mProject Load (0.3ms)[0m   [0mSELECT * FROM "projects" WHERE ("projects"."id" = 1) [0m
Rendering template within layouts/application
Rendering stories/index
  [4;36;1mStory Load (0.2ms)[0m   [0;1mSELECT * FROM "stories" WHERE ("stories".project_id = 1) [0m
Rendered shared/_global_links (0.5ms)
Rendered shared/_tabs (1.4ms)
Completed in 21ms (View: 10, DB: 0) | 200 OK [http://localhost/projects/1/stories]


Processing StoriesController#new (for 127.0.0.1 at 2009-02-16 22:42:58) [GET]
  Parameters: {"project_id"=>"1", "action"=>"new", "controller"=>"stories"}
  [4;35;1mProject Load (0.2ms)[0m   [0mSELECT * FROM "projects" WHERE ("projects"."id" = 1) [0m
Rendering template within layouts/application
Rendering stories/new
Rendered shared/_global_links (0.4ms)
Rendered shared/_tabs (1.2ms)
Completed in 26ms (View: 12, DB: 0) | 200 OK [http://localhost/projects/1/stories/new]


Processing StoriesController#create (for 127.0.0.1 at 2009-02-16 22:43:35) [POST]
  Parameters: {"project_id"=>"1", "commit"=>"Create", "story"=>{"i_want_to"=>"Testar uma tela", "as_a"=>"Tester", "title"=>"Testar um tela", "so_i_can"=>"validar uma nova funcionalidade"}, "action"=>"create", "authenticity_token"=>"13771a88e61687bf6b5307c2c4f261b97f6a5c52", "controller"=>"stories"}
  [4;36;1mProject Load (0.3ms)[0m   [0;1mSELECT * FROM "projects" WHERE ("projects"."id" = 1) [0m
  [4;35;1mStory Create (0.4ms)[0m   [0mINSERT INTO "stories" ("project_id", "updated_at", "title", "as_a", "i_want_to", "so_i_can", "estimate", "created_at") VALUES(1, '2009-02-17 01:43:35', 'Testar um tela', 'Tester', 'Testar uma tela', 'validar uma nova funcionalidade', NULL, '2009-02-17 01:43:35')[0m
Redirected to /projects/1/stories
Completed in 19ms (DB: 1) | 302 Found [http://localhost/projects/1/stories]


Processing StoriesController#index (for 127.0.0.1 at 2009-02-16 22:43:36) [GET]
  Parameters: {"project_id"=>"1", "action"=>"index", "controller"=>"stories"}
  [4;36;1mProject Load (0.3ms)[0m   [0;1mSELECT * FROM "projects" WHERE ("projects"."id" = 1) [0m
Rendering template within layouts/application
Rendering stories/index
  [4;35;1mStory Load (0.4ms)[0m   [0mSELECT * FROM "stories" WHERE ("stories".project_id = 1) [0m
Rendered shared/_global_links (0.4ms)
Rendered shared/_tabs (1.0ms)
Completed in 27ms (View: 14, DB: 1) | 200 OK [http://localhost/projects/1/stories]


Processing StoriesController#index (for 127.0.0.1 at 2009-02-16 22:43:53) [GET]
  Parameters: {"project_id"=>"1", "action"=>"index", "controller"=>"stories"}
  [4;36;1mProject Load (0.2ms)[0m   [0;1mSELECT * FROM "projects" WHERE ("projects"."id" = 1) [0m
Rendering template within layouts/application
Rendering stories/index
  [4;35;1mStory Load (0.4ms)[0m   [0mSELECT * FROM "stories" WHERE ("stories".project_id = 1) [0m
Rendered shared/_global_links (0.3ms)
Rendered shared/_tabs (1.5ms)
Completed in 25ms (View: 13, DB: 1) | 200 OK [http://localhost/projects/1/stories]


Processing StoriesController#index (for 127.0.0.1 at 2009-02-16 22:44:49) [GET]
  Parameters: {"project_id"=>"1", "action"=>"index", "controller"=>"stories"}
  [4;36;1mProject Load (0.2ms)[0m   [0;1mSELECT * FROM "projects" WHERE ("projects"."id" = 1) [0m
Rendering template within layouts/application
Rendering stories/index
  [4;35;1mStory Load (0.4ms)[0m   [0mSELECT * FROM "stories" WHERE ("stories".project_id = 1) [0m
Rendered shared/_global_links (0.4ms)
Rendered shared/_tabs (1.0ms)
Completed in 25ms (View: 13, DB: 1) | 200 OK [http://localhost/projects/1/stories]


Processing StoriesController#index (for 127.0.0.1 at 2009-02-16 22:45:50) [GET]
  Parameters: {"project_id"=>"1", "action"=>"index", "controller"=>"stories"}
  [4;36;1mProject Load (0.2ms)[0m   [0;1mSELECT * FROM "projects" WHERE ("projects"."id" = 1) [0m
Rendering template within layouts/application
Rendering stories/index
  [4;35;1mStory Load (0.4ms)[0m   [0mSELECT * FROM "stories" WHERE ("stories".project_id = 1) [0m


ActionView::TemplateError (wrong number of arguments (2 for 1)) on line #8 of app/views/stories/index.html.erb:
5: 
6: 
7: <% for story in @stories %>
8:   <h3><%= link_to h story.title, edit_project_story_path(@project, story) %></h3>
9:     <p><strong>As a: </strong><%=h story.as_a %></p>
10:     <p><strong>I want to: </strong><%=h story.i_want_to %></p>
11:     <p><strong>So I can: </strong><%=h story.so_i_can %></td>

    app/views/stories/index.html.erb:8:in `h'
    app/views/stories/index.html.erb:8
    /Library/Ruby/Gems/1.8/gems/activerecord-2.2.2/lib/active_record/associations/association_collection.rb:359:in `method_missing_without_paginate'
    /Library/Ruby/Gems/1.8/gems/activerecord-2.2.2/lib/active_record/associations/association_proxy.rb:212:in `method_missing'
    /Library/Ruby/Gems/1.8/gems/activerecord-2.2.2/lib/active_record/associations/association_proxy.rb:212:in `each'
    /Library/Ruby/Gems/1.8/gems/activerecord-2.2.2/lib/active_record/associations/association_proxy.rb:212:in `send'
    /Library/Ruby/Gems/1.8/gems/activerecord-2.2.2/lib/active_record/associations/association_proxy.rb:212:in `method_missing'
    /Library/Ruby/Gems/1.8/gems/activerecord-2.2.2/lib/active_record/associations/association_collection.rb:359:in `method_missing_without_paginate'
    vendor/plugins/will_paginate/lib/will_paginate/finder.rb:82:in `method_missing'
    app/views/stories/index.html.erb:7
    /Library/Ruby/Gems/1.8/gems/actionpack-2.2.2/lib/action_view/renderable.rb:39:in `send'
    /Library/Ruby/Gems/1.8/gems/actionpack-2.2.2/lib/action_view/renderable.rb:39:in `render'
    /Library/Ruby/Gems/1.8/gems/actionpack-2.2.2/lib/action_view/template.rb:73:in `render_template'
    /Library/Ruby/Gems/1.8/gems/actionpack-2.2.2/lib/action_view/base.rb:256:in `render'
    /Library/Ruby/Gems/1.8/gems/actionpack-2.2.2/lib/action_view/base.rb:367:in `_render_with_layout'
    /Library/Ruby/Gems/1.8/gems/actionpack-2.2.2/lib/action_view/base.rb:254:in `render'
    /Library/Ruby/Gems/1.8/gems/actionpack-2.2.2/lib/action_controller/base.rb:1174:in `render_for_file'
    /Library/Ruby/Gems/1.8/gems/actionpack-2.2.2/lib/action_controller/base.rb:905:in `render_without_benchmark'
    /Library/Ruby/Gems/1.8/gems/actionpack-2.2.2/lib/action_controller/benchmarking.rb:51:in `render'
    /Library/Ruby/Gems/1.8/gems/activesupport-2.2.2/lib/active_support/core_ext/benchmark.rb:8:in `realtime'
    /Library/Ruby/Gems/1.8/gems/actionpack-2.2.2/lib/action_controller/benchmarking.rb:51:in `render'
    /Library/Ruby/Gems/1.8/gems/actionpack-2.2.2/lib/action_controller/mime_responds.rb:135:in `send'
    /Library/Ruby/Gems/1.8/gems/actionpack-2.2.2/lib/action_controller/mime_responds.rb:135:in `custom'
    /Library/Ruby/Gems/1.8/gems/actionpack-2.2.2/lib/action_controller/mime_responds.rb:164:in `call'
    /Library/Ruby/Gems/1.8/gems/actionpack-2.2.2/lib/action_controller/mime_responds.rb:164:in `respond'
    /Library/Ruby/Gems/1.8/gems/actionpack-2.2.2/lib/action_controller/mime_responds.rb:158:in `each'
    /Library/Ruby/Gems/1.8/gems/actionpack-2.2.2/lib/action_controller/mime_responds.rb:158:in `respond'
    /Library/Ruby/Gems/1.8/gems/actionpack-2.2.2/lib/action_controller/mime_responds.rb:107:in `respond_to'
    app/controllers/stories_controller.rb:13:in `index'
    /Library/Ruby/Gems/1.8/gems/actionpack-2.2.2/lib/action_controller/base.rb:1253:in `send'
    /Library/Ruby/Gems/1.8/gems/actionpack-2.2.2/lib/action_controller/base.rb:1253:in `perform_action_without_filters'
    /Library/Ruby/Gems/1.8/gems/actionpack-2.2.2/lib/action_controller/filters.rb:617:in `call_filters'
    /Library/Ruby/Gems/1.8/gems/actionpack-2.2.2/lib/action_controller/filters.rb:610:in `perform_action_without_benchmark'
    /Library/Ruby/Gems/1.8/gems/actionpack-2.2.2/lib/action_controller/benchmarking.rb:68:in `perform_action_without_rescue'
    /System/Library/Frameworks/Ruby.framework/Versions/1.8/usr/lib/ruby/1.8/benchmark.rb:293:in `measure'
    /Library/Ruby/Gems/1.8/gems/actionpack-2.2.2/lib/action_controller/benchmarking.rb:68:in `perform_action_without_rescue'
    /Library/Ruby/Gems/1.8/gems/actionpack-2.2.2/lib/action_controller/rescue.rb:136:in `perform_action_without_caching'
    /Library/Ruby/Gems/1.8/gems/actionpack-2.2.2/lib/action_controller/caching/sql_cache.rb:13:in `perform_action'
    /Library/Ruby/Gems/1.8/gems/activerecord-2.2.2/lib/active_record/connection_adapters/abstract/query_cache.rb:34:in `cache'
    /Library/Ruby/Gems/1.8/gems/activerecord-2.2.2/lib/active_record/query_cache.rb:8:in `cache'
    /Library/Ruby/Gems/1.8/gems/actionpack-2.2.2/lib/action_controller/caching/sql_cache.rb:12:in `perform_action'
    /Library/Ruby/Gems/1.8/gems/actionpack-2.2.2/lib/action_controller/base.rb:524:in `send'
    /Library/Ruby/Gems/1.8/gems/actionpack-2.2.2/lib/action_controller/base.rb:524:in `process_without_filters'
    /Library/Ruby/Gems/1.8/gems/actionpack-2.2.2/lib/action_controller/filters.rb:606:in `process_without_session_management_support'
    /Library/Ruby/Gems/1.8/gems/actionpack-2.2.2/lib/action_controller/session_management.rb:134:in `process'
    /Library/Ruby/Gems/1.8/gems/actionpack-2.2.2/lib/action_controller/base.rb:392:in `process'
    /Library/Ruby/Gems/1.8/gems/actionpack-2.2.2/lib/action_controller/dispatcher.rb:183:in `handle_request'
    /Library/Ruby/Gems/1.8/gems/actionpack-2.2.2/lib/action_controller/dispatcher.rb:110:in `dispatch_unlocked'
    /Library/Ruby/Gems/1.8/gems/actionpack-2.2.2/lib/action_controller/dispatcher.rb:123:in `dispatch'
    /Library/Ruby/Gems/1.8/gems/actionpack-2.2.2/lib/action_controller/dispatcher.rb:122:in `synchronize'
    /Library/Ruby/Gems/1.8/gems/actionpack-2.2.2/lib/action_controller/dispatcher.rb:122:in `dispatch'
    /Library/Ruby/Gems/1.8/gems/actionpack-2.2.2/lib/action_controller/dispatcher.rb:132:in `dispatch_cgi'
    /Library/Ruby/Gems/1.8/gems/actionpack-2.2.2/lib/action_controller/dispatcher.rb:39:in `dispatch'
    /System/Library/Frameworks/Ruby.framework/Versions/1.8/usr/lib/ruby/gems/1.8/gems/mongrel-1.1.4/lib/mongrel/rails.rb:76:in `process'
    /System/Library/Frameworks/Ruby.framework/Versions/1.8/usr/lib/ruby/gems/1.8/gems/mongrel-1.1.4/lib/mongrel/rails.rb:74:in `synchronize'
    /System/Library/Frameworks/Ruby.framework/Versions/1.8/usr/lib/ruby/gems/1.8/gems/mongrel-1.1.4/lib/mongrel/rails.rb:74:in `process'
    /System/Library/Frameworks/Ruby.framework/Versions/1.8/usr/lib/ruby/gems/1.8/gems/mongrel-1.1.4/lib/mongrel.rb:159:in `process_client'
    /System/Library/Frameworks/Ruby.framework/Versions/1.8/usr/lib/ruby/gems/1.8/gems/mongrel-1.1.4/lib/mongrel.rb:158:in `each'
    /System/Library/Frameworks/Ruby.framework/Versions/1.8/usr/lib/ruby/gems/1.8/gems/mongrel-1.1.4/lib/mongrel.rb:158:in `process_client'
    /System/Library/Frameworks/Ruby.framework/Versions/1.8/usr/lib/ruby/gems/1.8/gems/mongrel-1.1.4/lib/mongrel.rb:285:in `run'
    /System/Library/Frameworks/Ruby.framework/Versions/1.8/usr/lib/ruby/gems/1.8/gems/mongrel-1.1.4/lib/mongrel.rb:285:in `initialize'
    /System/Library/Frameworks/Ruby.framework/Versions/1.8/usr/lib/ruby/gems/1.8/gems/mongrel-1.1.4/lib/mongrel.rb:285:in `new'
    /System/Library/Frameworks/Ruby.framework/Versions/1.8/usr/lib/ruby/gems/1.8/gems/mongrel-1.1.4/lib/mongrel.rb:285:in `run'
    /System/Library/Frameworks/Ruby.framework/Versions/1.8/usr/lib/ruby/gems/1.8/gems/mongrel-1.1.4/lib/mongrel.rb:268:in `initialize'
    /System/Library/Frameworks/Ruby.framework/Versions/1.8/usr/lib/ruby/gems/1.8/gems/mongrel-1.1.4/lib/mongrel.rb:268:in `new'
    /System/Library/Frameworks/Ruby.framework/Versions/1.8/usr/lib/ruby/gems/1.8/gems/mongrel-1.1.4/lib/mongrel.rb:268:in `run'
    /System/Library/Frameworks/Ruby.framework/Versions/1.8/usr/lib/ruby/gems/1.8/gems/mongrel-1.1.4/lib/mongrel/configurator.rb:282:in `run'
    /System/Library/Frameworks/Ruby.framework/Versions/1.8/usr/lib/ruby/gems/1.8/gems/mongrel-1.1.4/lib/mongrel/configurator.rb:281:in `each'
    /System/Library/Frameworks/Ruby.framework/Versions/1.8/usr/lib/ruby/gems/1.8/gems/mongrel-1.1.4/lib/mongrel/configurator.rb:281:in `run'
    /System/Library/Frameworks/Ruby.framework/Versions/1.8/usr/lib/ruby/gems/1.8/gems/mongrel-1.1.4/bin/mongrel_rails:128:in `run'
    /System/Library/Frameworks/Ruby.framework/Versions/1.8/usr/lib/ruby/gems/1.8/gems/mongrel-1.1.4/lib/mongrel/command.rb:212:in `run'
    /System/Library/Frameworks/Ruby.framework/Versions/1.8/usr/lib/ruby/gems/1.8/gems/mongrel-1.1.4/bin/mongrel_rails:281
    /Library/Ruby/Gems/1.8/gems/activesupport-2.2.2/lib/active_support/dependencies.rb:142:in `load_without_new_constant_marking'
    /Library/Ruby/Gems/1.8/gems/activesupport-2.2.2/lib/active_support/dependencies.rb:142:in `load'
    /Library/Ruby/Gems/1.8/gems/activesupport-2.2.2/lib/active_support/dependencies.rb:521:in `new_constants_in'
    /Library/Ruby/Gems/1.8/gems/activesupport-2.2.2/lib/active_support/dependencies.rb:142:in `load'
    /Library/Ruby/Gems/1.8/gems/rails-2.2.2/lib/commands/servers/mongrel.rb:64
    /Library/Ruby/Site/1.8/rubygems/custom_require.rb:31:in `gem_original_require'
    /Library/Ruby/Site/1.8/rubygems/custom_require.rb:31:in `require'
    /Library/Ruby/Gems/1.8/gems/activesupport-2.2.2/lib/active_support/dependencies.rb:153:in `require'
    /Library/Ruby/Gems/1.8/gems/activesupport-2.2.2/lib/active_support/dependencies.rb:521:in `new_constants_in'
    /Library/Ruby/Gems/1.8/gems/activesupport-2.2.2/lib/active_support/dependencies.rb:153:in `require'
    /Library/Ruby/Gems/1.8/gems/rails-2.2.2/lib/commands/server.rb:49
    /Library/Ruby/Site/1.8/rubygems/custom_require.rb:31:in `gem_original_require'
    /Library/Ruby/Site/1.8/rubygems/custom_require.rb:31:in `require'
    script/server:3

Rendered /Library/Ruby/Gems/1.8/gems/actionpack-2.2.2/lib/action_controller/templates/rescues/_trace (48.2ms)
Rendered /Library/Ruby/Gems/1.8/gems/actionpack-2.2.2/lib/action_controller/templates/rescues/_request_and_response (0.8ms)
Rendering /Library/Ruby/Gems/1.8/gems/actionpack-2.2.2/lib/action_controller/templates/rescues/layout.erb (internal_server_error)


Processing StoriesController#index (for 127.0.0.1 at 2009-02-16 22:46:11) [GET]
  Parameters: {"project_id"=>"1", "action"=>"index", "controller"=>"stories"}
  [4;36;1mProject Load (0.3ms)[0m   [0;1mSELECT * FROM "projects" WHERE ("projects"."id" = 1) [0m
Rendering template within layouts/application
Rendering stories/index
  [4;35;1mStory Load (0.4ms)[0m   [0mSELECT * FROM "stories" WHERE ("stories".project_id = 1) [0m


ActionView::TemplateError (wrong number of arguments (2 for 1)) on line #8 of app/views/stories/index.html.erb:
5: 
6: 
7: <% for story in @stories %>
8:   <h3><%= link_to(h story.title, edit_project_story_path(@project, story)) %></h3>
9:     <p><strong>As a: </strong><%=h story.as_a %></p>
10:     <p><strong>I want to: </strong><%=h story.i_want_to %></p>
11:     <p><strong>So I can: </strong><%=h story.so_i_can %></td>

    app/views/stories/index.html.erb:8:in `h'
    app/views/stories/index.html.erb:8
    /Library/Ruby/Gems/1.8/gems/activerecord-2.2.2/lib/active_record/associations/association_collection.rb:359:in `method_missing_without_paginate'
    /Library/Ruby/Gems/1.8/gems/activerecord-2.2.2/lib/active_record/associations/association_proxy.rb:212:in `method_missing'
    /Library/Ruby/Gems/1.8/gems/activerecord-2.2.2/lib/active_record/associations/association_proxy.rb:212:in `each'
    /Library/Ruby/Gems/1.8/gems/activerecord-2.2.2/lib/active_record/associations/association_proxy.rb:212:in `send'
    /Library/Ruby/Gems/1.8/gems/activerecord-2.2.2/lib/active_record/associations/association_proxy.rb:212:in `method_missing'
    /Library/Ruby/Gems/1.8/gems/activerecord-2.2.2/lib/active_record/associations/association_collection.rb:359:in `method_missing_without_paginate'
    vendor/plugins/will_paginate/lib/will_paginate/finder.rb:82:in `method_missing'
    app/views/stories/index.html.erb:7
    /Library/Ruby/Gems/1.8/gems/actionpack-2.2.2/lib/action_view/renderable.rb:39:in `send'
    /Library/Ruby/Gems/1.8/gems/actionpack-2.2.2/lib/action_view/renderable.rb:39:in `render'
    /Library/Ruby/Gems/1.8/gems/actionpack-2.2.2/lib/action_view/template.rb:73:in `render_template'
    /Library/Ruby/Gems/1.8/gems/actionpack-2.2.2/lib/action_view/base.rb:256:in `render'
    /Library/Ruby/Gems/1.8/gems/actionpack-2.2.2/lib/action_view/base.rb:367:in `_render_with_layout'
    /Library/Ruby/Gems/1.8/gems/actionpack-2.2.2/lib/action_view/base.rb:254:in `render'
    /Library/Ruby/Gems/1.8/gems/actionpack-2.2.2/lib/action_controller/base.rb:1174:in `render_for_file'
    /Library/Ruby/Gems/1.8/gems/actionpack-2.2.2/lib/action_controller/base.rb:905:in `render_without_benchmark'
    /Library/Ruby/Gems/1.8/gems/actionpack-2.2.2/lib/action_controller/benchmarking.rb:51:in `render'
    /Library/Ruby/Gems/1.8/gems/activesupport-2.2.2/lib/active_support/core_ext/benchmark.rb:8:in `realtime'
    /Library/Ruby/Gems/1.8/gems/actionpack-2.2.2/lib/action_controller/benchmarking.rb:51:in `render'
    /Library/Ruby/Gems/1.8/gems/actionpack-2.2.2/lib/action_controller/mime_responds.rb:135:in `send'
    /Library/Ruby/Gems/1.8/gems/actionpack-2.2.2/lib/action_controller/mime_responds.rb:135:in `custom'
    /Library/Ruby/Gems/1.8/gems/actionpack-2.2.2/lib/action_controller/mime_responds.rb:164:in `call'
    /Library/Ruby/Gems/1.8/gems/actionpack-2.2.2/lib/action_controller/mime_responds.rb:164:in `respond'
    /Library/Ruby/Gems/1.8/gems/actionpack-2.2.2/lib/action_controller/mime_responds.rb:158:in `each'
    /Library/Ruby/Gems/1.8/gems/actionpack-2.2.2/lib/action_controller/mime_responds.rb:158:in `respond'
    /Library/Ruby/Gems/1.8/gems/actionpack-2.2.2/lib/action_controller/mime_responds.rb:107:in `respond_to'
    app/controllers/stories_controller.rb:13:in `index'
    /Library/Ruby/Gems/1.8/gems/actionpack-2.2.2/lib/action_controller/base.rb:1253:in `send'
    /Library/Ruby/Gems/1.8/gems/actionpack-2.2.2/lib/action_controller/base.rb:1253:in `perform_action_without_filters'
    /Library/Ruby/Gems/1.8/gems/actionpack-2.2.2/lib/action_controller/filters.rb:617:in `call_filters'
    /Library/Ruby/Gems/1.8/gems/actionpack-2.2.2/lib/action_controller/filters.rb:610:in `perform_action_without_benchmark'
    /Library/Ruby/Gems/1.8/gems/actionpack-2.2.2/lib/action_controller/benchmarking.rb:68:in `perform_action_without_rescue'
    /System/Library/Frameworks/Ruby.framework/Versions/1.8/usr/lib/ruby/1.8/benchmark.rb:293:in `measure'
    /Library/Ruby/Gems/1.8/gems/actionpack-2.2.2/lib/action_controller/benchmarking.rb:68:in `perform_action_without_rescue'
    /Library/Ruby/Gems/1.8/gems/actionpack-2.2.2/lib/action_controller/rescue.rb:136:in `perform_action_without_caching'
    /Library/Ruby/Gems/1.8/gems/actionpack-2.2.2/lib/action_controller/caching/sql_cache.rb:13:in `perform_action'
    /Library/Ruby/Gems/1.8/gems/activerecord-2.2.2/lib/active_record/connection_adapters/abstract/query_cache.rb:34:in `cache'
    /Library/Ruby/Gems/1.8/gems/activerecord-2.2.2/lib/active_record/query_cache.rb:8:in `cache'
    /Library/Ruby/Gems/1.8/gems/actionpack-2.2.2/lib/action_controller/caching/sql_cache.rb:12:in `perform_action'
    /Library/Ruby/Gems/1.8/gems/actionpack-2.2.2/lib/action_controller/base.rb:524:in `send'
    /Library/Ruby/Gems/1.8/gems/actionpack-2.2.2/lib/action_controller/base.rb:524:in `process_without_filters'
    /Library/Ruby/Gems/1.8/gems/actionpack-2.2.2/lib/action_controller/filters.rb:606:in `process_without_session_management_support'
    /Library/Ruby/Gems/1.8/gems/actionpack-2.2.2/lib/action_controller/session_management.rb:134:in `process'
    /Library/Ruby/Gems/1.8/gems/actionpack-2.2.2/lib/action_controller/base.rb:392:in `process'
    /Library/Ruby/Gems/1.8/gems/actionpack-2.2.2/lib/action_controller/dispatcher.rb:183:in `handle_request'
    /Library/Ruby/Gems/1.8/gems/actionpack-2.2.2/lib/action_controller/dispatcher.rb:110:in `dispatch_unlocked'
    /Library/Ruby/Gems/1.8/gems/actionpack-2.2.2/lib/action_controller/dispatcher.rb:123:in `dispatch'
    /Library/Ruby/Gems/1.8/gems/actionpack-2.2.2/lib/action_controller/dispatcher.rb:122:in `synchronize'
    /Library/Ruby/Gems/1.8/gems/actionpack-2.2.2/lib/action_controller/dispatcher.rb:122:in `dispatch'
    /Library/Ruby/Gems/1.8/gems/actionpack-2.2.2/lib/action_controller/dispatcher.rb:132:in `dispatch_cgi'
    /Library/Ruby/Gems/1.8/gems/actionpack-2.2.2/lib/action_controller/dispatcher.rb:39:in `dispatch'
    /System/Library/Frameworks/Ruby.framework/Versions/1.8/usr/lib/ruby/gems/1.8/gems/mongrel-1.1.4/lib/mongrel/rails.rb:76:in `process'
    /System/Library/Frameworks/Ruby.framework/Versions/1.8/usr/lib/ruby/gems/1.8/gems/mongrel-1.1.4/lib/mongrel/rails.rb:74:in `synchronize'
    /System/Library/Frameworks/Ruby.framework/Versions/1.8/usr/lib/ruby/gems/1.8/gems/mongrel-1.1.4/lib/mongrel/rails.rb:74:in `process'
    /System/Library/Frameworks/Ruby.framework/Versions/1.8/usr/lib/ruby/gems/1.8/gems/mongrel-1.1.4/lib/mongrel.rb:159:in `process_client'
    /System/Library/Frameworks/Ruby.framework/Versions/1.8/usr/lib/ruby/gems/1.8/gems/mongrel-1.1.4/lib/mongrel.rb:158:in `each'
    /System/Library/Frameworks/Ruby.framework/Versions/1.8/usr/lib/ruby/gems/1.8/gems/mongrel-1.1.4/lib/mongrel.rb:158:in `process_client'
    /System/Library/Frameworks/Ruby.framework/Versions/1.8/usr/lib/ruby/gems/1.8/gems/mongrel-1.1.4/lib/mongrel.rb:285:in `run'
    /System/Library/Frameworks/Ruby.framework/Versions/1.8/usr/lib/ruby/gems/1.8/gems/mongrel-1.1.4/lib/mongrel.rb:285:in `initialize'
    /System/Library/Frameworks/Ruby.framework/Versions/1.8/usr/lib/ruby/gems/1.8/gems/mongrel-1.1.4/lib/mongrel.rb:285:in `new'
    /System/Library/Frameworks/Ruby.framework/Versions/1.8/usr/lib/ruby/gems/1.8/gems/mongrel-1.1.4/lib/mongrel.rb:285:in `run'
    /System/Library/Frameworks/Ruby.framework/Versions/1.8/usr/lib/ruby/gems/1.8/gems/mongrel-1.1.4/lib/mongrel.rb:268:in `initialize'
    /System/Library/Frameworks/Ruby.framework/Versions/1.8/usr/lib/ruby/gems/1.8/gems/mongrel-1.1.4/lib/mongrel.rb:268:in `new'
    /System/Library/Frameworks/Ruby.framework/Versions/1.8/usr/lib/ruby/gems/1.8/gems/mongrel-1.1.4/lib/mongrel.rb:268:in `run'
    /System/Library/Frameworks/Ruby.framework/Versions/1.8/usr/lib/ruby/gems/1.8/gems/mongrel-1.1.4/lib/mongrel/configurator.rb:282:in `run'
    /System/Library/Frameworks/Ruby.framework/Versions/1.8/usr/lib/ruby/gems/1.8/gems/mongrel-1.1.4/lib/mongrel/configurator.rb:281:in `each'
    /System/Library/Frameworks/Ruby.framework/Versions/1.8/usr/lib/ruby/gems/1.8/gems/mongrel-1.1.4/lib/mongrel/configurator.rb:281:in `run'
    /System/Library/Frameworks/Ruby.framework/Versions/1.8/usr/lib/ruby/gems/1.8/gems/mongrel-1.1.4/bin/mongrel_rails:128:in `run'
    /System/Library/Frameworks/Ruby.framework/Versions/1.8/usr/lib/ruby/gems/1.8/gems/mongrel-1.1.4/lib/mongrel/command.rb:212:in `run'
    /System/Library/Frameworks/Ruby.framework/Versions/1.8/usr/lib/ruby/gems/1.8/gems/mongrel-1.1.4/bin/mongrel_rails:281
    /Library/Ruby/Gems/1.8/gems/activesupport-2.2.2/lib/active_support/dependencies.rb:142:in `load_without_new_constant_marking'
    /Library/Ruby/Gems/1.8/gems/activesupport-2.2.2/lib/active_support/dependencies.rb:142:in `load'
    /Library/Ruby/Gems/1.8/gems/activesupport-2.2.2/lib/active_support/dependencies.rb:521:in `new_constants_in'
    /Library/Ruby/Gems/1.8/gems/activesupport-2.2.2/lib/active_support/dependencies.rb:142:in `load'
    /Library/Ruby/Gems/1.8/gems/rails-2.2.2/lib/commands/servers/mongrel.rb:64
    /Library/Ruby/Site/1.8/rubygems/custom_require.rb:31:in `gem_original_require'
    /Library/Ruby/Site/1.8/rubygems/custom_require.rb:31:in `require'
    /Library/Ruby/Gems/1.8/gems/activesupport-2.2.2/lib/active_support/dependencies.rb:153:in `require'
    /Library/Ruby/Gems/1.8/gems/activesupport-2.2.2/lib/active_support/dependencies.rb:521:in `new_constants_in'
    /Library/Ruby/Gems/1.8/gems/activesupport-2.2.2/lib/active_support/dependencies.rb:153:in `require'
    /Library/Ruby/Gems/1.8/gems/rails-2.2.2/lib/commands/server.rb:49
    /Library/Ruby/Site/1.8/rubygems/custom_require.rb:31:in `gem_original_require'
    /Library/Ruby/Site/1.8/rubygems/custom_require.rb:31:in `require'
    script/server:3

Rendered /Library/Ruby/Gems/1.8/gems/actionpack-2.2.2/lib/action_controller/templates/rescues/_trace (47.1ms)
Rendered /Library/Ruby/Gems/1.8/gems/actionpack-2.2.2/lib/action_controller/templates/rescues/_request_and_response (0.7ms)
Rendering /Library/Ruby/Gems/1.8/gems/actionpack-2.2.2/lib/action_controller/templates/rescues/layout.erb (internal_server_error)


Processing StoriesController#index (for 127.0.0.1 at 2009-02-16 22:46:13) [GET]
  Parameters: {"project_id"=>"1", "action"=>"index", "controller"=>"stories"}
  [4;36;1mProject Load (0.3ms)[0m   [0;1mSELECT * FROM "projects" WHERE ("projects"."id" = 1) [0m
Rendering template within layouts/application
Rendering stories/index
  [4;35;1mStory Load (0.6ms)[0m   [0mSELECT * FROM "stories" WHERE ("stories".project_id = 1) [0m


ActionView::TemplateError (wrong number of arguments (2 for 1)) on line #8 of app/views/stories/index.html.erb:
5: 
6: 
7: <% for story in @stories %>
8:   <h3><%= link_to(h story.title, edit_project_story_path(@project, story)) %></h3>
9:     <p><strong>As a: </strong><%=h story.as_a %></p>
10:     <p><strong>I want to: </strong><%=h story.i_want_to %></p>
11:     <p><strong>So I can: </strong><%=h story.so_i_can %></td>

    app/views/stories/index.html.erb:8:in `h'
    app/views/stories/index.html.erb:8
    /Library/Ruby/Gems/1.8/gems/activerecord-2.2.2/lib/active_record/associations/association_collection.rb:359:in `method_missing_without_paginate'
    /Library/Ruby/Gems/1.8/gems/activerecord-2.2.2/lib/active_record/associations/association_proxy.rb:212:in `method_missing'
    /Library/Ruby/Gems/1.8/gems/activerecord-2.2.2/lib/active_record/associations/association_proxy.rb:212:in `each'
    /Library/Ruby/Gems/1.8/gems/activerecord-2.2.2/lib/active_record/associations/association_proxy.rb:212:in `send'
    /Library/Ruby/Gems/1.8/gems/activerecord-2.2.2/lib/active_record/associations/association_proxy.rb:212:in `method_missing'
    /Library/Ruby/Gems/1.8/gems/activerecord-2.2.2/lib/active_record/associations/association_collection.rb:359:in `method_missing_without_paginate'
    vendor/plugins/will_paginate/lib/will_paginate/finder.rb:82:in `method_missing'
    app/views/stories/index.html.erb:7
    /Library/Ruby/Gems/1.8/gems/actionpack-2.2.2/lib/action_view/renderable.rb:39:in `send'
    /Library/Ruby/Gems/1.8/gems/actionpack-2.2.2/lib/action_view/renderable.rb:39:in `render'
    /Library/Ruby/Gems/1.8/gems/actionpack-2.2.2/lib/action_view/template.rb:73:in `render_template'
    /Library/Ruby/Gems/1.8/gems/actionpack-2.2.2/lib/action_view/base.rb:256:in `render'
    /Library/Ruby/Gems/1.8/gems/actionpack-2.2.2/lib/action_view/base.rb:367:in `_render_with_layout'
    /Library/Ruby/Gems/1.8/gems/actionpack-2.2.2/lib/action_view/base.rb:254:in `render'
    /Library/Ruby/Gems/1.8/gems/actionpack-2.2.2/lib/action_controller/base.rb:1174:in `render_for_file'
    /Library/Ruby/Gems/1.8/gems/actionpack-2.2.2/lib/action_controller/base.rb:905:in `render_without_benchmark'
    /Library/Ruby/Gems/1.8/gems/actionpack-2.2.2/lib/action_controller/benchmarking.rb:51:in `render'
    /Library/Ruby/Gems/1.8/gems/activesupport-2.2.2/lib/active_support/core_ext/benchmark.rb:8:in `realtime'
    /Library/Ruby/Gems/1.8/gems/actionpack-2.2.2/lib/action_controller/benchmarking.rb:51:in `render'
    /Library/Ruby/Gems/1.8/gems/actionpack-2.2.2/lib/action_controller/mime_responds.rb:135:in `send'
    /Library/Ruby/Gems/1.8/gems/actionpack-2.2.2/lib/action_controller/mime_responds.rb:135:in `custom'
    /Library/Ruby/Gems/1.8/gems/actionpack-2.2.2/lib/action_controller/mime_responds.rb:164:in `call'
    /Library/Ruby/Gems/1.8/gems/actionpack-2.2.2/lib/action_controller/mime_responds.rb:164:in `respond'
    /Library/Ruby/Gems/1.8/gems/actionpack-2.2.2/lib/action_controller/mime_responds.rb:158:in `each'
    /Library/Ruby/Gems/1.8/gems/actionpack-2.2.2/lib/action_controller/mime_responds.rb:158:in `respond'
    /Library/Ruby/Gems/1.8/gems/actionpack-2.2.2/lib/action_controller/mime_responds.rb:107:in `respond_to'
    app/controllers/stories_controller.rb:13:in `index'
    /Library/Ruby/Gems/1.8/gems/actionpack-2.2.2/lib/action_controller/base.rb:1253:in `send'
    /Library/Ruby/Gems/1.8/gems/actionpack-2.2.2/lib/action_controller/base.rb:1253:in `perform_action_without_filters'
    /Library/Ruby/Gems/1.8/gems/actionpack-2.2.2/lib/action_controller/filters.rb:617:in `call_filters'
    /Library/Ruby/Gems/1.8/gems/actionpack-2.2.2/lib/action_controller/filters.rb:610:in `perform_action_without_benchmark'
    /Library/Ruby/Gems/1.8/gems/actionpack-2.2.2/lib/action_controller/benchmarking.rb:68:in `perform_action_without_rescue'
    /System/Library/Frameworks/Ruby.framework/Versions/1.8/usr/lib/ruby/1.8/benchmark.rb:293:in `measure'
    /Library/Ruby/Gems/1.8/gems/actionpack-2.2.2/lib/action_controller/benchmarking.rb:68:in `perform_action_without_rescue'
    /Library/Ruby/Gems/1.8/gems/actionpack-2.2.2/lib/action_controller/rescue.rb:136:in `perform_action_without_caching'
    /Library/Ruby/Gems/1.8/gems/actionpack-2.2.2/lib/action_controller/caching/sql_cache.rb:13:in `perform_action'
    /Library/Ruby/Gems/1.8/gems/activerecord-2.2.2/lib/active_record/connection_adapters/abstract/query_cache.rb:34:in `cache'
    /Library/Ruby/Gems/1.8/gems/activerecord-2.2.2/lib/active_record/query_cache.rb:8:in `cache'
    /Library/Ruby/Gems/1.8/gems/actionpack-2.2.2/lib/action_controller/caching/sql_cache.rb:12:in `perform_action'
    /Library/Ruby/Gems/1.8/gems/actionpack-2.2.2/lib/action_controller/base.rb:524:in `send'
    /Library/Ruby/Gems/1.8/gems/actionpack-2.2.2/lib/action_controller/base.rb:524:in `process_without_filters'
    /Library/Ruby/Gems/1.8/gems/actionpack-2.2.2/lib/action_controller/filters.rb:606:in `process_without_session_management_support'
    /Library/Ruby/Gems/1.8/gems/actionpack-2.2.2/lib/action_controller/session_management.rb:134:in `process'
    /Library/Ruby/Gems/1.8/gems/actionpack-2.2.2/lib/action_controller/base.rb:392:in `process'
    /Library/Ruby/Gems/1.8/gems/actionpack-2.2.2/lib/action_controller/dispatcher.rb:183:in `handle_request'
    /Library/Ruby/Gems/1.8/gems/actionpack-2.2.2/lib/action_controller/dispatcher.rb:110:in `dispatch_unlocked'
    /Library/Ruby/Gems/1.8/gems/actionpack-2.2.2/lib/action_controller/dispatcher.rb:123:in `dispatch'
    /Library/Ruby/Gems/1.8/gems/actionpack-2.2.2/lib/action_controller/dispatcher.rb:122:in `synchronize'
    /Library/Ruby/Gems/1.8/gems/actionpack-2.2.2/lib/action_controller/dispatcher.rb:122:in `dispatch'
    /Library/Ruby/Gems/1.8/gems/actionpack-2.2.2/lib/action_controller/dispatcher.rb:132:in `dispatch_cgi'
    /Library/Ruby/Gems/1.8/gems/actionpack-2.2.2/lib/action_controller/dispatcher.rb:39:in `dispatch'
    /System/Library/Frameworks/Ruby.framework/Versions/1.8/usr/lib/ruby/gems/1.8/gems/mongrel-1.1.4/lib/mongrel/rails.rb:76:in `process'
    /System/Library/Frameworks/Ruby.framework/Versions/1.8/usr/lib/ruby/gems/1.8/gems/mongrel-1.1.4/lib/mongrel/rails.rb:74:in `synchronize'
    /System/Library/Frameworks/Ruby.framework/Versions/1.8/usr/lib/ruby/gems/1.8/gems/mongrel-1.1.4/lib/mongrel/rails.rb:74:in `process'
    /System/Library/Frameworks/Ruby.framework/Versions/1.8/usr/lib/ruby/gems/1.8/gems/mongrel-1.1.4/lib/mongrel.rb:159:in `process_client'
    /System/Library/Frameworks/Ruby.framework/Versions/1.8/usr/lib/ruby/gems/1.8/gems/mongrel-1.1.4/lib/mongrel.rb:158:in `each'
    /System/Library/Frameworks/Ruby.framework/Versions/1.8/usr/lib/ruby/gems/1.8/gems/mongrel-1.1.4/lib/mongrel.rb:158:in `process_client'
    /System/Library/Frameworks/Ruby.framework/Versions/1.8/usr/lib/ruby/gems/1.8/gems/mongrel-1.1.4/lib/mongrel.rb:285:in `run'
    /System/Library/Frameworks/Ruby.framework/Versions/1.8/usr/lib/ruby/gems/1.8/gems/mongrel-1.1.4/lib/mongrel.rb:285:in `initialize'
    /System/Library/Frameworks/Ruby.framework/Versions/1.8/usr/lib/ruby/gems/1.8/gems/mongrel-1.1.4/lib/mongrel.rb:285:in `new'
    /System/Library/Frameworks/Ruby.framework/Versions/1.8/usr/lib/ruby/gems/1.8/gems/mongrel-1.1.4/lib/mongrel.rb:285:in `run'
    /System/Library/Frameworks/Ruby.framework/Versions/1.8/usr/lib/ruby/gems/1.8/gems/mongrel-1.1.4/lib/mongrel.rb:268:in `initialize'
    /System/Library/Frameworks/Ruby.framework/Versions/1.8/usr/lib/ruby/gems/1.8/gems/mongrel-1.1.4/lib/mongrel.rb:268:in `new'
    /System/Library/Frameworks/Ruby.framework/Versions/1.8/usr/lib/ruby/gems/1.8/gems/mongrel-1.1.4/lib/mongrel.rb:268:in `run'
    /System/Library/Frameworks/Ruby.framework/Versions/1.8/usr/lib/ruby/gems/1.8/gems/mongrel-1.1.4/lib/mongrel/configurator.rb:282:in `run'
    /System/Library/Frameworks/Ruby.framework/Versions/1.8/usr/lib/ruby/gems/1.8/gems/mongrel-1.1.4/lib/mongrel/configurator.rb:281:in `each'
    /System/Library/Frameworks/Ruby.framework/Versions/1.8/usr/lib/ruby/gems/1.8/gems/mongrel-1.1.4/lib/mongrel/configurator.rb:281:in `run'
    /System/Library/Frameworks/Ruby.framework/Versions/1.8/usr/lib/ruby/gems/1.8/gems/mongrel-1.1.4/bin/mongrel_rails:128:in `run'
    /System/Library/Frameworks/Ruby.framework/Versions/1.8/usr/lib/ruby/gems/1.8/gems/mongrel-1.1.4/lib/mongrel/command.rb:212:in `run'
    /System/Library/Frameworks/Ruby.framework/Versions/1.8/usr/lib/ruby/gems/1.8/gems/mongrel-1.1.4/bin/mongrel_rails:281
    /Library/Ruby/Gems/1.8/gems/activesupport-2.2.2/lib/active_support/dependencies.rb:142:in `load_without_new_constant_marking'
    /Library/Ruby/Gems/1.8/gems/activesupport-2.2.2/lib/active_support/dependencies.rb:142:in `load'
    /Library/Ruby/Gems/1.8/gems/activesupport-2.2.2/lib/active_support/dependencies.rb:521:in `new_constants_in'
    /Library/Ruby/Gems/1.8/gems/activesupport-2.2.2/lib/active_support/dependencies.rb:142:in `load'
    /Library/Ruby/Gems/1.8/gems/rails-2.2.2/lib/commands/servers/mongrel.rb:64
    /Library/Ruby/Site/1.8/rubygems/custom_require.rb:31:in `gem_original_require'
    /Library/Ruby/Site/1.8/rubygems/custom_require.rb:31:in `require'
    /Library/Ruby/Gems/1.8/gems/activesupport-2.2.2/lib/active_support/dependencies.rb:153:in `require'
    /Library/Ruby/Gems/1.8/gems/activesupport-2.2.2/lib/active_support/dependencies.rb:521:in `new_constants_in'
    /Library/Ruby/Gems/1.8/gems/activesupport-2.2.2/lib/active_support/dependencies.rb:153:in `require'
    /Library/Ruby/Gems/1.8/gems/rails-2.2.2/lib/commands/server.rb:49
    /Library/Ruby/Site/1.8/rubygems/custom_require.rb:31:in `gem_original_require'
    /Library/Ruby/Site/1.8/rubygems/custom_require.rb:31:in `require'
    script/server:3

Rendered /Library/Ruby/Gems/1.8/gems/actionpack-2.2.2/lib/action_controller/templates/rescues/_trace (47.0ms)
Rendered /Library/Ruby/Gems/1.8/gems/actionpack-2.2.2/lib/action_controller/templates/rescues/_request_and_response (0.8ms)
Rendering /Library/Ruby/Gems/1.8/gems/actionpack-2.2.2/lib/action_controller/templates/rescues/layout.erb (internal_server_error)


Processing StoriesController#index (for 127.0.0.1 at 2009-02-16 22:46:32) [GET]
  Parameters: {"project_id"=>"1", "action"=>"index", "controller"=>"stories"}
  [4;36;1mProject Load (0.3ms)[0m   [0;1mSELECT * FROM "projects" WHERE ("projects"."id" = 1) [0m
Rendering template within layouts/application
Rendering stories/index
  [4;35;1mStory Load (0.4ms)[0m   [0mSELECT * FROM "stories" WHERE ("stories".project_id = 1) [0m
Rendered shared/_global_links (0.4ms)
Rendered shared/_tabs (1.0ms)
Completed in 23ms (View: 12, DB: 1) | 200 OK [http://localhost/projects/1/stories]


Processing StoriesController#edit (for 127.0.0.1 at 2009-02-16 22:46:35) [GET]
  Parameters: {"project_id"=>"1", "action"=>"edit", "id"=>"1", "controller"=>"stories"}
  [4;36;1mProject Load (0.2ms)[0m   [0;1mSELECT * FROM "projects" WHERE ("projects"."id" = 1) [0m
  [4;35;1mStory Load (0.3ms)[0m   [0mSELECT * FROM "stories" WHERE ("stories"."id" = 1 AND ("stories".project_id = 1)) [0m
Rendering template within layouts/application
Rendering stories/edit
Rendered shared/_global_links (0.4ms)
Rendered shared/_tabs (1.2ms)
Completed in 25ms (View: 13, DB: 1) | 200 OK [http://localhost/projects/1/stories/1/edit]


Processing StoriesController#edit (for 127.0.0.1 at 2009-02-16 22:47:40) [GET]
  Parameters: {"project_id"=>"1", "action"=>"edit", "id"=>"1", "controller"=>"stories"}
  [4;36;1mProject Load (0.2ms)[0m   [0;1mSELECT * FROM "projects" WHERE ("projects"."id" = 1) [0m
  [4;35;1mStory Load (0.3ms)[0m   [0mSELECT * FROM "stories" WHERE ("stories"."id" = 1 AND ("stories".project_id = 1)) [0m
Rendering template within layouts/application
Rendering stories/edit
Rendered shared/_global_links (0.4ms)
Rendered shared/_tabs (1.0ms)
Completed in 28ms (View: 14, DB: 1) | 200 OK [http://localhost/projects/1/stories/1/edit]


Processing StoriesController#update (for 127.0.0.1 at 2009-02-16 22:47:46) [PUT]
  Parameters: {"project_id"=>"1", "commit"=>"Update", "story"=>{"i_want_to"=>"Testar uma tela", "as_a"=>"Tester", "title"=>"Testar um tela", "so_i_can"=>"validar uma nova funcionalidade"}, "action"=>"update", "_method"=>"put", "authenticity_token"=>"13771a88e61687bf6b5307c2c4f261b97f6a5c52", "id"=>"1", "controller"=>"stories"}
  [4;36;1mProject Load (0.2ms)[0m   [0;1mSELECT * FROM "projects" WHERE ("projects"."id" = 1) [0m
  [4;35;1mStory Load (0.4ms)[0m   [0mSELECT * FROM "stories" WHERE ("stories"."id" = 1 AND ("stories".project_id = 1)) [0m
Redirected to /projects/1/stories/1
Completed in 16ms (DB: 1) | 302 Found [http://localhost/projects/1/stories/1]


Processing StoriesController#show (for 127.0.0.1 at 2009-02-16 22:47:46) [GET]
  Parameters: {"project_id"=>"1", "action"=>"show", "id"=>"1", "controller"=>"stories"}
  [4;36;1mProject Load (0.4ms)[0m   [0;1mSELECT * FROM "projects" WHERE ("projects"."id" = 1) [0m
  [4;35;1mStory Load (0.4ms)[0m   [0mSELECT * FROM "stories" WHERE ("stories"."id" = 1 AND ("stories".project_id = 1)) [0m
Rendering template within layouts/application
Rendering stories/show
Rendered shared/_global_links (0.5ms)
Rendered shared/_tabs (1.2ms)
Completed in 26ms (View: 12, DB: 1) | 200 OK [http://localhost/projects/1/stories/1]


Processing StoriesController#show (for 127.0.0.1 at 2009-02-16 22:48:51) [GET]
  Parameters: {"project_id"=>"1", "action"=>"show", "id"=>"1", "controller"=>"stories"}
  [4;36;1mProject Load (0.3ms)[0m   [0;1mSELECT * FROM "projects" WHERE ("projects"."id" = 1) [0m
  [4;35;1mStory Load (0.5ms)[0m   [0mSELECT * FROM "stories" WHERE ("stories"."id" = 1 AND ("stories".project_id = 1)) [0m
Rendering template within layouts/application
Rendering stories/show
Rendered shared/_global_links (0.5ms)
Rendered shared/_tabs (1.1ms)
Completed in 26ms (View: 12, DB: 1) | 200 OK [http://localhost/projects/1/stories/1]


Processing StoriesController#edit (for 127.0.0.1 at 2009-02-16 22:48:54) [GET]
  Parameters: {"project_id"=>"1", "action"=>"edit", "id"=>"1", "controller"=>"stories"}
  [4;36;1mProject Load (0.2ms)[0m   [0;1mSELECT * FROM "projects" WHERE ("projects"."id" = 1) [0m
  [4;35;1mStory Load (0.5ms)[0m   [0mSELECT * FROM "stories" WHERE ("stories"."id" = 1 AND ("stories".project_id = 1)) [0m
Rendering template within layouts/application
Rendering stories/edit
Rendered shared/_global_links (0.4ms)
Rendered shared/_tabs (1.1ms)
Completed in 28ms (View: 15, DB: 1) | 200 OK [http://localhost/projects/1/stories/1/edit]


Processing StoriesController#edit (for 127.0.0.1 at 2009-02-16 22:49:14) [GET]
  Parameters: {"project_id"=>"1", "action"=>"edit", "id"=>"1", "controller"=>"stories"}
  [4;36;1mProject Load (0.3ms)[0m   [0;1mSELECT * FROM "projects" WHERE ("projects"."id" = 1) [0m
  [4;35;1mStory Load (0.3ms)[0m   [0mSELECT * FROM "stories" WHERE ("stories"."id" = 1 AND ("stories".project_id = 1)) [0m
Rendering template within layouts/application
Rendering stories/edit
Rendered shared/_global_links (0.3ms)
Rendered shared/_tabs (1.4ms)
Completed in 27ms (View: 14, DB: 1) | 200 OK [http://localhost/projects/1/stories/1/edit]


Processing StoriesController#index (for 127.0.0.1 at 2009-02-16 22:49:17) [GET]
  Parameters: {"project_id"=>"1", "action"=>"index", "controller"=>"stories"}
  [4;36;1mProject Load (0.4ms)[0m   [0;1mSELECT * FROM "projects" WHERE ("projects"."id" = 1) [0m
Rendering template within layouts/application
Rendering stories/index
  [4;35;1mStory Load (0.5ms)[0m   [0mSELECT * FROM "stories" WHERE ("stories".project_id = 1) [0m
Rendered shared/_global_links (0.5ms)
Rendered shared/_tabs (1.1ms)
Completed in 26ms (View: 14, DB: 1) | 200 OK [http://localhost/projects/1/stories]


Processing ProjectsController#index (for 127.0.0.1 at 2009-02-16 22:49:48) [GET]
  Parameters: {"action"=>"index", "controller"=>"projects"}
  [4;36;1mProject Load (0.7ms)[0m   [0;1mSELECT * FROM "projects" [0m
Rendering template within layouts/application
Rendering projects/index
Rendered shared/_global_links (0.4ms)
Rendered shared/_tabs (1.0ms)
Completed in 20ms (View: 13, DB: 1) | 200 OK [http://localhost/projects]


Processing ProjectUsersController#index (for 127.0.0.1 at 2009-02-16 22:49:56) [GET]
  Parameters: {"pid"=>"1", "action"=>"index", "controller"=>"project_users"}
  [4;35;1mProject Load (0.3ms)[0m   [0mSELECT * FROM "projects" WHERE ("projects"."id" = '1') LIMIT 1[0m
  [4;36;1mProjectUser Load (0.2ms)[0m   [0;1mSELECT * FROM "project_users" WHERE (project_id = '1') [0m
Rendering template within layouts/application
Rendering project_users/index
Rendered shared/_global_links (0.4ms)
Rendered shared/_tabs (1.4ms)
Completed in 25ms (View: 11, DB: 1) | 200 OK [http://localhost/project_users?pid=1]


Processing ProjectsController#edit (for 127.0.0.1 at 2009-02-16 22:50:17) [GET]
  Parameters: {"action"=>"edit", "id"=>"1", "controller"=>"projects"}
  [4;35;1mProject Load (0.2ms)[0m   [0mSELECT * FROM "projects" WHERE ("projects"."id" = 1) [0m
Rendering template within layouts/application
Rendering projects/edit
Rendered shared/_global_links (0.5ms)
Rendered shared/_tabs (1.0ms)
Completed in 19ms (View: 12, DB: 0) | 200 OK [http://localhost/projects/1/edit]


Processing StoriesController#index (for 127.0.0.1 at 2009-02-16 22:50:25) [GET]
  Parameters: {"project_id"=>"1", "action"=>"index", "controller"=>"stories"}
  [4;36;1mProject Load (0.3ms)[0m   [0;1mSELECT * FROM "projects" WHERE ("projects"."id" = 1) [0m
Rendering template within layouts/application
Rendering stories/index
  [4;35;1mStory Load (0.4ms)[0m   [0mSELECT * FROM "stories" WHERE ("stories".project_id = 1) [0m
Rendered shared/_global_links (0.4ms)
Rendered shared/_tabs (1.0ms)
Completed in 24ms (View: 12, DB: 1) | 200 OK [http://localhost/projects/1/stories]


Processing StoriesController#new (for 127.0.0.1 at 2009-02-16 22:50:33) [GET]
  Parameters: {"project_id"=>"1", "action"=>"new", "controller"=>"stories"}
  [4;36;1mProject Load (0.2ms)[0m   [0;1mSELECT * FROM "projects" WHERE ("projects"."id" = 1) [0m
Rendering template within layouts/application
Rendering stories/new
Rendered shared/_global_links (0.4ms)
Rendered shared/_tabs (1.4ms)
Completed in 25ms (View: 11, DB: 0) | 200 OK [http://localhost/projects/1/stories/new]


Processing StoriesController#new (for 127.0.0.1 at 2009-02-16 22:50:49) [GET]
  Parameters: {"project_id"=>"1", "action"=>"new", "controller"=>"stories"}
  [4;35;1mProject Load (0.3ms)[0m   [0mSELECT * FROM "projects" WHERE ("projects"."id" = 1) [0m
Rendering template within layouts/application
Rendering stories/new
Rendered shared/_global_links (0.4ms)
Rendered shared/_tabs (1.0ms)
Completed in 27ms (View: 13, DB: 0) | 200 OK [http://localhost/projects/1/stories/new]
